<?xml version='1.0' encoding='UTF-8'?>
<testsuite hostname="Kierans-MacBook-Pro.local" name="IterateStepSpec" tests="24" errors="0" failures="0" time="0.089">
                <properties>
[...]
</properties>
                <testcase classname="IterateStepSpec" name="Values should evaluate correctly using small-step semantics" time="0.004"> 
                    </testcase><testcase classname="IterateStepSpec" name="Neg should evaluate correctly using small-step semantics" time="0.007"> 
                    </testcase><testcase classname="IterateStepSpec" name="Not should evaluate correctly using small-step semantics" time="0.001"> 
                    </testcase><testcase classname="IterateStepSpec" name="Seq should evaluate correctly using small-step semantics" time="0.002"> 
                    </testcase><testcase classname="IterateStepSpec" name="Plus should evaluate correctly for numbers" time="0.0"> 
                    </testcase><testcase classname="IterateStepSpec" name="Plus should evaluate correctly for strings" time="0.0"> 
                    </testcase><testcase classname="IterateStepSpec" name="Minus should evaluate correctly using small-step semantics" time="0.001"> 
                    </testcase><testcase classname="IterateStepSpec" name="Minus should evaluate correctly when wrapped in Neg" time="0.003"> 
                    </testcase><testcase classname="IterateStepSpec" name="Times should evaluate correctly using small-step semantics" time="0.0"> 
                    </testcase><testcase classname="IterateStepSpec" name="Div should evaluate correctly using small-step semantics" time="0.001"> 
                    </testcase><testcase classname="IterateStepSpec" name="lt should evaluate correctly using small-step semantics" time="0.002"> 
                    </testcase><testcase classname="IterateStepSpec" name="le should evaluate correctly using small-step semantics" time="0.002"> 
                    </testcase><testcase classname="IterateStepSpec" name="gt should evaluate correctly using small-step semantics" time="0.001"> 
                    </testcase><testcase classname="IterateStepSpec" name="ge should evaluate correctly using small-step semantics" time="0.001"> 
                    </testcase><testcase classname="IterateStepSpec" name="Eq should evaluate correctly using small-step semantics" time="0.001"> 
                    </testcase><testcase classname="IterateStepSpec" name="Ne should evaluate correctly using small-step semantics" time="0.002"> 
                    </testcase><testcase classname="IterateStepSpec" name="And should evaluate correctly using small-step semantics" time="0.001"> 
                    </testcase><testcase classname="IterateStepSpec" name="Or should evaluate correctly using small-step semantics" time="0.001"> 
                    </testcase><testcase classname="IterateStepSpec" name="if should evaluate correctly using small-step semantics" time="0.001"> 
                    </testcase><testcase classname="IterateStepSpec" name="Decl should evaluate correctly for constants" time="0.003"> 
                    </testcase><testcase classname="IterateStepSpec" name="Decl should evaluate correctly for variables" time="0.008"> 
                    </testcase><testcase classname="IterateStepSpec" name="Call should evaluate non-recursive functions correctly" time="0.007"> 
                    </testcase><testcase classname="IterateStepSpec" name="Call should evaluate recursive functions correctly" time="0.032"> 
                    </testcase><testcase classname="IterateStepSpec" name="GetField should evaluate correctly using small-step semantics" time="0.008"> 
                    </testcase>
                <system-out></system-out>
                <system-err></system-err>
                </testsuite>