<?xml version='1.0' encoding='UTF-8'?>
<testsuite hostname="Kierans-MacBook-Pro.local" name="TypeInferSpec" tests="55" errors="0" failures="0" time="0.117">
                <properties>
[...]
</properties>
                <testcase classname="TypeInferSpec" name="Null should return type of TNull" time="0.005"> 
                    </testcase><testcase classname="TypeInferSpec" name="Number should return type of TNumber" time="0.001"> 
                    </testcase><testcase classname="TypeInferSpec" name="String should return type of TString" time="0.001"> 
                    </testcase><testcase classname="TypeInferSpec" name="Boolean should return type of TBool" time="0.0"> 
                    </testcase><testcase classname="TypeInferSpec" name="Undefined should return type of TUndefined" time="0.0"> 
                    </testcase><testcase classname="TypeInferSpec" name="Not should check for type TBoolean" time="0.002"> 
                    </testcase><testcase classname="TypeInferSpec" name="Not should throw errors when appropriate" time="0.001"> 
                    </testcase><testcase classname="TypeInferSpec" name="Plus should check for type TNumber if given two TNumbers" time="0.0"> 
                    </testcase><testcase classname="TypeInferSpec" name="Plus should check for type TString if given two TStrings" time="0.001"> 
                    </testcase><testcase classname="TypeInferSpec" name="Plus should throw errors when appropriate" time="0.005"> 
                    </testcase><testcase classname="TypeInferSpec" name="Minus should check for type TNumber if given two TNumbers" time="0.001"> 
                    </testcase><testcase classname="TypeInferSpec" name="Minus should throw errors when appropriate" time="0.006"> 
                    </testcase><testcase classname="TypeInferSpec" name="Times should check for type TNumber if given two TNumbers" time="0.001"> 
                    </testcase><testcase classname="TypeInferSpec" name="Times should throw errors when appropriate" time="0.006"> 
                    </testcase><testcase classname="TypeInferSpec" name="Div should check for type TNumber if given two TNumbers" time="0.001"> 
                    </testcase><testcase classname="TypeInferSpec" name="Div should throw errors when appropriate" time="0.006"> 
                    </testcase><testcase classname="TypeInferSpec" name="Eq should check for type TBoolean if types are same, else error" time="0.002"> 
                    </testcase><testcase classname="TypeInferSpec" name="Ne should check for type TBoolean if types are same, else error" time="0.002"> 
                    </testcase><testcase classname="TypeInferSpec" name="Ne should error if either e1 or e2 is a function" time="0.004"> 
                    </testcase><testcase classname="TypeInferSpec" name="Lt should check for type TBoolean if TNumber or TString" time="0.0"> 
                    </testcase><testcase classname="TypeInferSpec" name="Lt should throw errors when appropriate" time="0.002"> 
                    </testcase><testcase classname="TypeInferSpec" name="Le should check for type TBoolean if TNumber or TString" time="0.001"> 
                    </testcase><testcase classname="TypeInferSpec" name="Le should throw errors when appropriate" time="0.004"> 
                    </testcase><testcase classname="TypeInferSpec" name="Gt should check for type TBoolean if TNumber or TString, else error" time="0.001"> 
                    </testcase><testcase classname="TypeInferSpec" name="Gt should throw errors when appropriate" time="0.002"> 
                    </testcase><testcase classname="TypeInferSpec" name="Ge should check for type TBoolean if TNumber or TString" time="0.001"> 
                    </testcase><testcase classname="TypeInferSpec" name="Ge should throw errors when appropriate" time="0.002"> 
                    </testcase><testcase classname="TypeInferSpec" name="And should check for type TBoolean" time="0.0"> 
                    </testcase><testcase classname="TypeInferSpec" name="And should throw errors when appropriate" time="0.003"> 
                    </testcase><testcase classname="TypeInferSpec" name="Or should check for type TBoolean" time="0.003"> 
                    </testcase><testcase classname="TypeInferSpec" name="Seq should check for same type as e2" time="0.001"> 
                    </testcase><testcase classname="TypeInferSpec" name="If should throw error if e1 not of type TBoolean" time="0.003"> 
                    </testcase><testcase classname="TypeInferSpec" name="If should check for return type the same as e2 &amp; e3" time="0.001"> 
                    </testcase><testcase classname="TypeInferSpec" name="If should throw error if e2 and e3 types differ" time="0.002"> 
                    </testcase><testcase classname="TypeInferSpec" name="Function should check for correct return type" time="0.007"> 
                    </testcase><testcase classname="TypeInferSpec" name="Function should check for correct return type for recursive functions" time="0.005"> 
                    </testcase><testcase classname="TypeInferSpec" name="Function should throw error if function has wrong return type" time="0.001"> 
                    </testcase><testcase classname="TypeInferSpec" name="Function should support PVar" time="0.004"> 
                    </testcase><testcase classname="TypeInferSpec" name="Function should support PName" time="0.001"> 
                    </testcase><testcase classname="TypeInferSpec" name="Function should support PRef" time="0.002"> 
                    </testcase><testcase classname="TypeInferSpec" name="Call should check return type matches the function's return type" time="0.001"> 
                    </testcase><testcase classname="TypeInferSpec" name="Call should throw error if the call's arg types don't match the function's param types" time="0.002"> 
                    </testcase><testcase classname="TypeInferSpec" name="Call should throw StaticTypeError if wrong number of args is given" time="0.006"> 
                    </testcase><testcase classname="TypeInferSpec" name="Obj should check that an obj map returns it's appropriate type map" time="0.002"> 
                    </testcase><testcase classname="TypeInferSpec" name="GetField should check return type matches type of corresponding field" time="0.001"> 
                    </testcase><testcase classname="TypeInferSpec" name="GetField should throw error if first parameter is not an Obj" time="0.002"> 
                    </testcase><testcase classname="TypeInferSpec" name="GetField should throw error if second parameter is an empty string" time="0.0"> 
                    </testcase><testcase classname="TypeInferSpec" name="Decl should infer return type to be same as e2 for MConst" time="0.0"> 
                    </testcase><testcase classname="TypeInferSpec" name="Decl should infer return type to be same as e2 for MVar" time="0.001"> 
                    </testcase><testcase classname="TypeInferSpec" name="Assign should handle variables correctly" time="0.001"> 
                    </testcase><testcase classname="TypeInferSpec" name="Assign should error if assignment is of different type from variable" time="0.002"> 
                    </testcase><testcase classname="TypeInferSpec" name="Assign should handle objects/fields correctly" time="0.001"> 
                    </testcase><testcase classname="TypeInferSpec" name="Assign should error if object/field types don't match" time="0.001"> 
                    </testcase><testcase classname="TypeInferSpec" name="Cast should check for valid cast type" time="0.003"> 
                    </testcase><testcase classname="TypeInferSpec" name="Cast should throw appropriate errors" time="0.003"> 
                    </testcase>
                <system-out></system-out>
                <system-err></system-err>
                </testsuite>